2018-01-11 14:42:42 INFO  - Starting DiscordFeederApplication on mariusz-komp with PID 59540 (D:\discordfeed\discord-feeder-bot\target\classes started by mariusz in D:\discordfeed\discord-feeder-bot)
2018-01-11 14:42:42 DEBUG - Running with Spring Boot v1.5.9.RELEASE, Spring v4.3.13.RELEASE
2018-01-11 14:42:42 INFO  - No active profile set, falling back to default profiles: default
2018-01-11 14:42:42 INFO  - Refreshing org.springframework.boot.context.embedded.AnnotationConfigEmbeddedWebApplicationContext@27ae2fd0: startup date [Thu Jan 11 14:42:42 CET 2018]; root of context hierarchy
2018-01-11 14:42:45 INFO  - Logging initialized @5717ms to org.eclipse.jetty.util.log.Slf4jLog
2018-01-11 14:42:45 INFO  - Server initialized with port: 8080
2018-01-11 14:42:45 INFO  - jetty-9.4.7.v20170914
2018-01-11 14:42:46 INFO  - DefaultSessionIdManager workerName=node0
2018-01-11 14:42:46 INFO  - No SessionScavenger set, using defaults
2018-01-11 14:42:46 INFO  - Scavenging every 660000ms
2018-01-11 14:42:46 INFO  - Initializing Spring embedded WebApplicationContext
2018-01-11 14:42:46 INFO  - Root WebApplicationContext: initialization completed in 3811 ms
2018-01-11 14:42:46 INFO  - Mapping servlet: 'dispatcherServlet' to [/]
2018-01-11 14:42:46 INFO  - Mapping filter: 'characterEncodingFilter' to: [/*]
2018-01-11 14:42:46 INFO  - Mapping filter: 'hiddenHttpMethodFilter' to: [/*]
2018-01-11 14:42:46 INFO  - Mapping filter: 'httpPutFormContentFilter' to: [/*]
2018-01-11 14:42:46 INFO  - Mapping filter: 'requestContextFilter' to: [/*]
2018-01-11 14:42:46 INFO  - Started o.s.b.c.e.j.JettyEmbeddedWebAppContext@37d3d232{/,[file:///C:/Users/mariusz/AppData/Local/Temp/jetty-docbase.1426884424813191069.8080/],AVAILABLE}
2018-01-11 14:42:46 INFO  - Started @6406ms
2018-01-11 14:42:47 WARN  - unable to change permissions for everybody: D:\discordfeed\discord-feeder-bot\target\classes
2018-01-11 14:42:47 WARN  - unable to change permissions for owner: D:\discordfeed\discord-feeder-bot\target\classes
2018-01-11 14:42:47 WARN  - Exception encountered during context initialization - cancelling refresh attempt: org.springframework.beans.factory.UnsatisfiedDependencyException: Error creating bean with name 'discordFeeder': Unsatisfied dependency expressed through field 'gmailEmailSender'; nested exception is org.springframework.beans.factory.UnsatisfiedDependencyException: Error creating bean with name 'gmailEmailSender': Unsatisfied dependency expressed through field 'gmailService'; nested exception is org.springframework.beans.factory.BeanCreationException: Error creating bean with name 'gmail' defined in com.ilinx.discordfeeder.DiscordFeederApplication: Bean instantiation via factory method failed; nested exception is org.springframework.beans.BeanInstantiationException: Failed to instantiate [com.google.api.services.gmail.Gmail]: Factory method 'gmail' threw exception; nested exception is java.lang.NullPointerException
2018-01-11 14:42:47 INFO  - Stopped scavenging
2018-01-11 14:42:47 INFO  - Stopped o.s.b.c.e.j.JettyEmbeddedWebAppContext@37d3d232{/,[file:///C:/Users/mariusz/AppData/Local/Temp/jetty-docbase.1426884424813191069.8080/],UNAVAILABLE}
2018-01-11 14:42:47 INFO  - 

Error starting ApplicationContext. To display the auto-configuration report re-run your application with 'debug' enabled.
2018-01-11 14:42:47 ERROR - Application startup failed
org.springframework.beans.factory.UnsatisfiedDependencyException: Error creating bean with name 'discordFeeder': Unsatisfied dependency expressed through field 'gmailEmailSender'; nested exception is org.springframework.beans.factory.UnsatisfiedDependencyException: Error creating bean with name 'gmailEmailSender': Unsatisfied dependency expressed through field 'gmailService'; nested exception is org.springframework.beans.factory.BeanCreationException: Error creating bean with name 'gmail' defined in com.ilinx.discordfeeder.DiscordFeederApplication: Bean instantiation via factory method failed; nested exception is org.springframework.beans.BeanInstantiationException: Failed to instantiate [com.google.api.services.gmail.Gmail]: Factory method 'gmail' threw exception; nested exception is java.lang.NullPointerException
	at org.springframework.beans.factory.annotation.AutowiredAnnotationBeanPostProcessor$AutowiredFieldElement.inject(AutowiredAnnotationBeanPostProcessor.java:588)
	at org.springframework.beans.factory.annotation.InjectionMetadata.inject(InjectionMetadata.java:88)
	at org.springframework.beans.factory.annotation.AutowiredAnnotationBeanPostProcessor.postProcessPropertyValues(AutowiredAnnotationBeanPostProcessor.java:366)
	at org.springframework.beans.factory.support.AbstractAutowireCapableBeanFactory.populateBean(AbstractAutowireCapableBeanFactory.java:1264)
	at org.springframework.beans.factory.support.AbstractAutowireCapableBeanFactory.doCreateBean(AbstractAutowireCapableBeanFactory.java:553)
	at org.springframework.beans.factory.support.AbstractAutowireCapableBeanFactory.createBean(AbstractAutowireCapableBeanFactory.java:483)
	at org.springframework.beans.factory.support.AbstractBeanFactory$1.getObject(AbstractBeanFactory.java:306)
	at org.springframework.beans.factory.support.DefaultSingletonBeanRegistry.getSingleton(DefaultSingletonBeanRegistry.java:230)
	at org.springframework.beans.factory.support.AbstractBeanFactory.doGetBean(AbstractBeanFactory.java:302)
	at org.springframework.beans.factory.support.AbstractBeanFactory.getBean(AbstractBeanFactory.java:197)
	at org.springframework.beans.factory.support.DefaultListableBeanFactory.preInstantiateSingletons(DefaultListableBeanFactory.java:761)
	at org.springframework.context.support.AbstractApplicationContext.finishBeanFactoryInitialization(AbstractApplicationContext.java:867)
	at org.springframework.context.support.AbstractApplicationContext.refresh(AbstractApplicationContext.java:543)
	at org.springframework.boot.context.embedded.EmbeddedWebApplicationContext.refresh(EmbeddedWebApplicationContext.java:122)
	at org.springframework.boot.SpringApplication.refresh(SpringApplication.java:693)
	at org.springframework.boot.SpringApplication.refreshContext(SpringApplication.java:360)
	at org.springframework.boot.SpringApplication.run(SpringApplication.java:303)
	at org.springframework.boot.SpringApplication.run(SpringApplication.java:1118)
	at org.springframework.boot.SpringApplication.run(SpringApplication.java:1107)
	at com.ilinx.discordfeeder.DiscordFeederApplication.main(DiscordFeederApplication.java:19)
	at sun.reflect.NativeMethodAccessorImpl.invoke0(Native Method)
	at sun.reflect.NativeMethodAccessorImpl.invoke(NativeMethodAccessorImpl.java:62)
	at sun.reflect.DelegatingMethodAccessorImpl.invoke(DelegatingMethodAccessorImpl.java:43)
	at java.lang.reflect.Method.invoke(Method.java:498)
	at com.intellij.rt.execution.application.AppMain.main(AppMain.java:147)
Caused by: org.springframework.beans.factory.UnsatisfiedDependencyException: Error creating bean with name 'gmailEmailSender': Unsatisfied dependency expressed through field 'gmailService'; nested exception is org.springframework.beans.factory.BeanCreationException: Error creating bean with name 'gmail' defined in com.ilinx.discordfeeder.DiscordFeederApplication: Bean instantiation via factory method failed; nested exception is org.springframework.beans.BeanInstantiationException: Failed to instantiate [com.google.api.services.gmail.Gmail]: Factory method 'gmail' threw exception; nested exception is java.lang.NullPointerException
	at org.springframework.beans.factory.annotation.AutowiredAnnotationBeanPostProcessor$AutowiredFieldElement.inject(AutowiredAnnotationBeanPostProcessor.java:588)
	at org.springframework.beans.factory.annotation.InjectionMetadata.inject(InjectionMetadata.java:88)
	at org.springframework.beans.factory.annotation.AutowiredAnnotationBeanPostProcessor.postProcessPropertyValues(AutowiredAnnotationBeanPostProcessor.java:366)
	at org.springframework.beans.factory.support.AbstractAutowireCapableBeanFactory.populateBean(AbstractAutowireCapableBeanFactory.java:1264)
	at org.springframework.beans.factory.support.AbstractAutowireCapableBeanFactory.doCreateBean(AbstractAutowireCapableBeanFactory.java:553)
	at org.springframework.beans.factory.support.AbstractAutowireCapableBeanFactory.createBean(AbstractAutowireCapableBeanFactory.java:483)
	at org.springframework.beans.factory.support.AbstractBeanFactory$1.getObject(AbstractBeanFactory.java:306)
	at org.springframework.beans.factory.support.DefaultSingletonBeanRegistry.getSingleton(DefaultSingletonBeanRegistry.java:230)
	at org.springframework.beans.factory.support.AbstractBeanFactory.doGetBean(AbstractBeanFactory.java:302)
	at org.springframework.beans.factory.support.AbstractBeanFactory.getBean(AbstractBeanFactory.java:202)
	at org.springframework.beans.factory.config.DependencyDescriptor.resolveCandidate(DependencyDescriptor.java:208)
	at org.springframework.beans.factory.support.DefaultListableBeanFactory.doResolveDependency(DefaultListableBeanFactory.java:1138)
	at org.springframework.beans.factory.support.DefaultListableBeanFactory.resolveDependency(DefaultListableBeanFactory.java:1066)
	at org.springframework.beans.factory.annotation.AutowiredAnnotationBeanPostProcessor$AutowiredFieldElement.inject(AutowiredAnnotationBeanPostProcessor.java:585)
	... 24 common frames omitted
Caused by: org.springframework.beans.factory.BeanCreationException: Error creating bean with name 'gmail' defined in com.ilinx.discordfeeder.DiscordFeederApplication: Bean instantiation via factory method failed; nested exception is org.springframework.beans.BeanInstantiationException: Failed to instantiate [com.google.api.services.gmail.Gmail]: Factory method 'gmail' threw exception; nested exception is java.lang.NullPointerException
	at org.springframework.beans.factory.support.ConstructorResolver.instantiateUsingFactoryMethod(ConstructorResolver.java:599)
	at org.springframework.beans.factory.support.AbstractAutowireCapableBeanFactory.instantiateUsingFactoryMethod(AbstractAutowireCapableBeanFactory.java:1173)
	at org.springframework.beans.factory.support.AbstractAutowireCapableBeanFactory.createBeanInstance(AbstractAutowireCapableBeanFactory.java:1067)
	at org.springframework.beans.factory.support.AbstractAutowireCapableBeanFactory.doCreateBean(AbstractAutowireCapableBeanFactory.java:513)
	at org.springframework.beans.factory.support.AbstractAutowireCapableBeanFactory.createBean(AbstractAutowireCapableBeanFactory.java:483)
	at org.springframework.beans.factory.support.AbstractBeanFactory$1.getObject(AbstractBeanFactory.java:306)
	at org.springframework.beans.factory.support.DefaultSingletonBeanRegistry.getSingleton(DefaultSingletonBeanRegistry.java:230)
	at org.springframework.beans.factory.support.AbstractBeanFactory.doGetBean(AbstractBeanFactory.java:302)
	at org.springframework.beans.factory.support.AbstractBeanFactory.getBean(AbstractBeanFactory.java:202)
	at org.springframework.beans.factory.config.DependencyDescriptor.resolveCandidate(DependencyDescriptor.java:208)
	at org.springframework.beans.factory.support.DefaultListableBeanFactory.doResolveDependency(DefaultListableBeanFactory.java:1138)
	at org.springframework.beans.factory.support.DefaultListableBeanFactory.resolveDependency(DefaultListableBeanFactory.java:1066)
	at org.springframework.beans.factory.annotation.AutowiredAnnotationBeanPostProcessor$AutowiredFieldElement.inject(AutowiredAnnotationBeanPostProcessor.java:585)
	... 37 common frames omitted
Caused by: org.springframework.beans.BeanInstantiationException: Failed to instantiate [com.google.api.services.gmail.Gmail]: Factory method 'gmail' threw exception; nested exception is java.lang.NullPointerException
	at org.springframework.beans.factory.support.SimpleInstantiationStrategy.instantiate(SimpleInstantiationStrategy.java:189)
	at org.springframework.beans.factory.support.ConstructorResolver.instantiateUsingFactoryMethod(ConstructorResolver.java:588)
	... 49 common frames omitted
Caused by: java.lang.NullPointerException: null
	at java.io.Reader.<init>(Reader.java:78)
	at java.io.InputStreamReader.<init>(InputStreamReader.java:72)
	at com.ilinx.discordfeeder.gmail.GmailConfiguration.authorize(GmailConfiguration.java:47)
	at com.ilinx.discordfeeder.DiscordFeederApplication.gmail(DiscordFeederApplication.java:24)
	at sun.reflect.NativeMethodAccessorImpl.invoke0(Native Method)
	at sun.reflect.NativeMethodAccessorImpl.invoke(NativeMethodAccessorImpl.java:62)
	at sun.reflect.DelegatingMethodAccessorImpl.invoke(DelegatingMethodAccessorImpl.java:43)
	at java.lang.reflect.Method.invoke(Method.java:498)
	at org.springframework.beans.factory.support.SimpleInstantiationStrategy.instantiate(SimpleInstantiationStrategy.java:162)
	... 50 common frames omitted
2018-01-11 14:44:02 INFO  - Starting DiscordFeederApplication on mariusz-komp with PID 60376 (D:\discordfeed\discord-feeder-bot\target\classes started by mariusz in D:\discordfeed\discord-feeder-bot)
2018-01-11 14:44:02 DEBUG - Running with Spring Boot v1.5.9.RELEASE, Spring v4.3.13.RELEASE
2018-01-11 14:44:02 INFO  - No active profile set, falling back to default profiles: default
2018-01-11 14:44:02 INFO  - Refreshing org.springframework.boot.context.embedded.AnnotationConfigEmbeddedWebApplicationContext@27ae2fd0: startup date [Thu Jan 11 14:44:02 CET 2018]; root of context hierarchy
2018-01-11 14:44:04 INFO  - Logging initialized @2381ms to org.eclipse.jetty.util.log.Slf4jLog
2018-01-11 14:44:04 INFO  - Server initialized with port: 8080
2018-01-11 14:44:04 INFO  - jetty-9.4.7.v20170914
2018-01-11 14:44:04 INFO  - DefaultSessionIdManager workerName=node0
2018-01-11 14:44:04 INFO  - No SessionScavenger set, using defaults
2018-01-11 14:44:04 INFO  - Scavenging every 660000ms
2018-01-11 14:44:04 INFO  - Initializing Spring embedded WebApplicationContext
2018-01-11 14:44:04 INFO  - Root WebApplicationContext: initialization completed in 1717 ms
2018-01-11 14:44:04 INFO  - Mapping servlet: 'dispatcherServlet' to [/]
2018-01-11 14:44:04 INFO  - Mapping filter: 'characterEncodingFilter' to: [/*]
2018-01-11 14:44:04 INFO  - Mapping filter: 'hiddenHttpMethodFilter' to: [/*]
2018-01-11 14:44:04 INFO  - Mapping filter: 'httpPutFormContentFilter' to: [/*]
2018-01-11 14:44:04 INFO  - Mapping filter: 'requestContextFilter' to: [/*]
2018-01-11 14:44:04 INFO  - Started o.s.b.c.e.j.JettyEmbeddedWebAppContext@581d969c{/,[file:///C:/Users/mariusz/AppData/Local/Temp/jetty-docbase.6747117485787301135.8080/],AVAILABLE}
2018-01-11 14:44:04 INFO  - Started @2774ms
2018-01-11 14:44:04 WARN  - unable to change permissions for everybody: D:\discordfeed\discord-feeder-bot\target\classes
2018-01-11 14:44:04 WARN  - unable to change permissions for owner: D:\discordfeed\discord-feeder-bot\target\classes
2018-01-11 14:44:04 WARN  - Exception encountered during context initialization - cancelling refresh attempt: org.springframework.beans.factory.UnsatisfiedDependencyException: Error creating bean with name 'discordFeeder': Unsatisfied dependency expressed through field 'gmailEmailSender'; nested exception is org.springframework.beans.factory.UnsatisfiedDependencyException: Error creating bean with name 'gmailEmailSender': Unsatisfied dependency expressed through field 'gmailService'; nested exception is org.springframework.beans.factory.BeanCreationException: Error creating bean with name 'gmail' defined in com.ilinx.discordfeeder.DiscordFeederApplication: Bean instantiation via factory method failed; nested exception is org.springframework.beans.BeanInstantiationException: Failed to instantiate [com.google.api.services.gmail.Gmail]: Factory method 'gmail' threw exception; nested exception is java.lang.NullPointerException
2018-01-11 14:44:04 INFO  - Stopped scavenging
2018-01-11 14:44:04 INFO  - Stopped o.s.b.c.e.j.JettyEmbeddedWebAppContext@581d969c{/,[file:///C:/Users/mariusz/AppData/Local/Temp/jetty-docbase.6747117485787301135.8080/],UNAVAILABLE}
2018-01-11 14:44:04 INFO  - 

Error starting ApplicationContext. To display the auto-configuration report re-run your application with 'debug' enabled.
2018-01-11 14:44:04 ERROR - Application startup failed
org.springframework.beans.factory.UnsatisfiedDependencyException: Error creating bean with name 'discordFeeder': Unsatisfied dependency expressed through field 'gmailEmailSender'; nested exception is org.springframework.beans.factory.UnsatisfiedDependencyException: Error creating bean with name 'gmailEmailSender': Unsatisfied dependency expressed through field 'gmailService'; nested exception is org.springframework.beans.factory.BeanCreationException: Error creating bean with name 'gmail' defined in com.ilinx.discordfeeder.DiscordFeederApplication: Bean instantiation via factory method failed; nested exception is org.springframework.beans.BeanInstantiationException: Failed to instantiate [com.google.api.services.gmail.Gmail]: Factory method 'gmail' threw exception; nested exception is java.lang.NullPointerException
	at org.springframework.beans.factory.annotation.AutowiredAnnotationBeanPostProcessor$AutowiredFieldElement.inject(AutowiredAnnotationBeanPostProcessor.java:588)
	at org.springframework.beans.factory.annotation.InjectionMetadata.inject(InjectionMetadata.java:88)
	at org.springframework.beans.factory.annotation.AutowiredAnnotationBeanPostProcessor.postProcessPropertyValues(AutowiredAnnotationBeanPostProcessor.java:366)
	at org.springframework.beans.factory.support.AbstractAutowireCapableBeanFactory.populateBean(AbstractAutowireCapableBeanFactory.java:1264)
	at org.springframework.beans.factory.support.AbstractAutowireCapableBeanFactory.doCreateBean(AbstractAutowireCapableBeanFactory.java:553)
	at org.springframework.beans.factory.support.AbstractAutowireCapableBeanFactory.createBean(AbstractAutowireCapableBeanFactory.java:483)
	at org.springframework.beans.factory.support.AbstractBeanFactory$1.getObject(AbstractBeanFactory.java:306)
	at org.springframework.beans.factory.support.DefaultSingletonBeanRegistry.getSingleton(DefaultSingletonBeanRegistry.java:230)
	at org.springframework.beans.factory.support.AbstractBeanFactory.doGetBean(AbstractBeanFactory.java:302)
	at org.springframework.beans.factory.support.AbstractBeanFactory.getBean(AbstractBeanFactory.java:197)
	at org.springframework.beans.factory.support.DefaultListableBeanFactory.preInstantiateSingletons(DefaultListableBeanFactory.java:761)
	at org.springframework.context.support.AbstractApplicationContext.finishBeanFactoryInitialization(AbstractApplicationContext.java:867)
	at org.springframework.context.support.AbstractApplicationContext.refresh(AbstractApplicationContext.java:543)
	at org.springframework.boot.context.embedded.EmbeddedWebApplicationContext.refresh(EmbeddedWebApplicationContext.java:122)
	at org.springframework.boot.SpringApplication.refresh(SpringApplication.java:693)
	at org.springframework.boot.SpringApplication.refreshContext(SpringApplication.java:360)
	at org.springframework.boot.SpringApplication.run(SpringApplication.java:303)
	at org.springframework.boot.SpringApplication.run(SpringApplication.java:1118)
	at org.springframework.boot.SpringApplication.run(SpringApplication.java:1107)
	at com.ilinx.discordfeeder.DiscordFeederApplication.main(DiscordFeederApplication.java:19)
	at sun.reflect.NativeMethodAccessorImpl.invoke0(Native Method)
	at sun.reflect.NativeMethodAccessorImpl.invoke(NativeMethodAccessorImpl.java:62)
	at sun.reflect.DelegatingMethodAccessorImpl.invoke(DelegatingMethodAccessorImpl.java:43)
	at java.lang.reflect.Method.invoke(Method.java:498)
	at com.intellij.rt.execution.application.AppMain.main(AppMain.java:147)
Caused by: org.springframework.beans.factory.UnsatisfiedDependencyException: Error creating bean with name 'gmailEmailSender': Unsatisfied dependency expressed through field 'gmailService'; nested exception is org.springframework.beans.factory.BeanCreationException: Error creating bean with name 'gmail' defined in com.ilinx.discordfeeder.DiscordFeederApplication: Bean instantiation via factory method failed; nested exception is org.springframework.beans.BeanInstantiationException: Failed to instantiate [com.google.api.services.gmail.Gmail]: Factory method 'gmail' threw exception; nested exception is java.lang.NullPointerException
	at org.springframework.beans.factory.annotation.AutowiredAnnotationBeanPostProcessor$AutowiredFieldElement.inject(AutowiredAnnotationBeanPostProcessor.java:588)
	at org.springframework.beans.factory.annotation.InjectionMetadata.inject(InjectionMetadata.java:88)
	at org.springframework.beans.factory.annotation.AutowiredAnnotationBeanPostProcessor.postProcessPropertyValues(AutowiredAnnotationBeanPostProcessor.java:366)
	at org.springframework.beans.factory.support.AbstractAutowireCapableBeanFactory.populateBean(AbstractAutowireCapableBeanFactory.java:1264)
	at org.springframework.beans.factory.support.AbstractAutowireCapableBeanFactory.doCreateBean(AbstractAutowireCapableBeanFactory.java:553)
	at org.springframework.beans.factory.support.AbstractAutowireCapableBeanFactory.createBean(AbstractAutowireCapableBeanFactory.java:483)
	at org.springframework.beans.factory.support.AbstractBeanFactory$1.getObject(AbstractBeanFactory.java:306)
	at org.springframework.beans.factory.support.DefaultSingletonBeanRegistry.getSingleton(DefaultSingletonBeanRegistry.java:230)
	at org.springframework.beans.factory.support.AbstractBeanFactory.doGetBean(AbstractBeanFactory.java:302)
	at org.springframework.beans.factory.support.AbstractBeanFactory.getBean(AbstractBeanFactory.java:202)
	at org.springframework.beans.factory.config.DependencyDescriptor.resolveCandidate(DependencyDescriptor.java:208)
	at org.springframework.beans.factory.support.DefaultListableBeanFactory.doResolveDependency(DefaultListableBeanFactory.java:1138)
	at org.springframework.beans.factory.support.DefaultListableBeanFactory.resolveDependency(DefaultListableBeanFactory.java:1066)
	at org.springframework.beans.factory.annotation.AutowiredAnnotationBeanPostProcessor$AutowiredFieldElement.inject(AutowiredAnnotationBeanPostProcessor.java:585)
	... 24 common frames omitted
Caused by: org.springframework.beans.factory.BeanCreationException: Error creating bean with name 'gmail' defined in com.ilinx.discordfeeder.DiscordFeederApplication: Bean instantiation via factory method failed; nested exception is org.springframework.beans.BeanInstantiationException: Failed to instantiate [com.google.api.services.gmail.Gmail]: Factory method 'gmail' threw exception; nested exception is java.lang.NullPointerException
	at org.springframework.beans.factory.support.ConstructorResolver.instantiateUsingFactoryMethod(ConstructorResolver.java:599)
	at org.springframework.beans.factory.support.AbstractAutowireCapableBeanFactory.instantiateUsingFactoryMethod(AbstractAutowireCapableBeanFactory.java:1173)
	at org.springframework.beans.factory.support.AbstractAutowireCapableBeanFactory.createBeanInstance(AbstractAutowireCapableBeanFactory.java:1067)
	at org.springframework.beans.factory.support.AbstractAutowireCapableBeanFactory.doCreateBean(AbstractAutowireCapableBeanFactory.java:513)
	at org.springframework.beans.factory.support.AbstractAutowireCapableBeanFactory.createBean(AbstractAutowireCapableBeanFactory.java:483)
	at org.springframework.beans.factory.support.AbstractBeanFactory$1.getObject(AbstractBeanFactory.java:306)
	at org.springframework.beans.factory.support.DefaultSingletonBeanRegistry.getSingleton(DefaultSingletonBeanRegistry.java:230)
	at org.springframework.beans.factory.support.AbstractBeanFactory.doGetBean(AbstractBeanFactory.java:302)
	at org.springframework.beans.factory.support.AbstractBeanFactory.getBean(AbstractBeanFactory.java:202)
	at org.springframework.beans.factory.config.DependencyDescriptor.resolveCandidate(DependencyDescriptor.java:208)
	at org.springframework.beans.factory.support.DefaultListableBeanFactory.doResolveDependency(DefaultListableBeanFactory.java:1138)
	at org.springframework.beans.factory.support.DefaultListableBeanFactory.resolveDependency(DefaultListableBeanFactory.java:1066)
	at org.springframework.beans.factory.annotation.AutowiredAnnotationBeanPostProcessor$AutowiredFieldElement.inject(AutowiredAnnotationBeanPostProcessor.java:585)
	... 37 common frames omitted
Caused by: org.springframework.beans.BeanInstantiationException: Failed to instantiate [com.google.api.services.gmail.Gmail]: Factory method 'gmail' threw exception; nested exception is java.lang.NullPointerException
	at org.springframework.beans.factory.support.SimpleInstantiationStrategy.instantiate(SimpleInstantiationStrategy.java:189)
	at org.springframework.beans.factory.support.ConstructorResolver.instantiateUsingFactoryMethod(ConstructorResolver.java:588)
	... 49 common frames omitted
Caused by: java.lang.NullPointerException: null
	at java.io.Reader.<init>(Reader.java:78)
	at java.io.InputStreamReader.<init>(InputStreamReader.java:72)
	at com.ilinx.discordfeeder.gmail.GmailConfiguration.authorize(GmailConfiguration.java:47)
	at com.ilinx.discordfeeder.DiscordFeederApplication.gmail(DiscordFeederApplication.java:24)
	at sun.reflect.NativeMethodAccessorImpl.invoke0(Native Method)
	at sun.reflect.NativeMethodAccessorImpl.invoke(NativeMethodAccessorImpl.java:62)
	at sun.reflect.DelegatingMethodAccessorImpl.invoke(DelegatingMethodAccessorImpl.java:43)
	at java.lang.reflect.Method.invoke(Method.java:498)
	at org.springframework.beans.factory.support.SimpleInstantiationStrategy.instantiate(SimpleInstantiationStrategy.java:162)
	... 50 common frames omitted
